{"/www/picpay/api/src/modules/customer/domain/customer.entity.ts": {"path":"/www/picpay/api/src/modules/customer/domain/customer.entity.ts","all":false,"statementMap":{"0":{"start":{"line":1,"column":0},"end":{"line":1,"column":52}},"1":{"start":{"line":2,"column":0},"end":{"line":2,"column":0}},"2":{"start":{"line":3,"column":0},"end":{"line":3,"column":73}},"3":{"start":{"line":4,"column":0},"end":{"line":4,"column":0}},"4":{"start":{"line":5,"column":0},"end":{"line":5,"column":36}},"5":{"start":{"line":6,"column":0},"end":{"line":6,"column":13}},"6":{"start":{"line":7,"column":0},"end":{"line":7,"column":0}},"7":{"start":{"line":8,"column":0},"end":{"line":8,"column":107}},"8":{"start":{"line":9,"column":0},"end":{"line":9,"column":48}},"9":{"start":{"line":10,"column":0},"end":{"line":10,"column":0}},"10":{"start":{"line":11,"column":0},"end":{"line":11,"column":66}},"11":{"start":{"line":12,"column":0},"end":{"line":12,"column":29}},"12":{"start":{"line":13,"column":0},"end":{"line":13,"column":82}},"13":{"start":{"line":14,"column":0},"end":{"line":14,"column":40}},"14":{"start":{"line":15,"column":0},"end":{"line":15,"column":5}},"15":{"start":{"line":16,"column":0},"end":{"line":16,"column":0}},"16":{"start":{"line":17,"column":0},"end":{"line":17,"column":18}},"17":{"start":{"line":18,"column":0},"end":{"line":18,"column":0}},"18":{"start":{"line":19,"column":0},"end":{"line":19,"column":39}},"19":{"start":{"line":20,"column":0},"end":{"line":20,"column":64}},"20":{"start":{"line":21,"column":0},"end":{"line":21,"column":5}},"21":{"start":{"line":22,"column":0},"end":{"line":22,"column":3}},"22":{"start":{"line":23,"column":0},"end":{"line":23,"column":0}},"23":{"start":{"line":24,"column":0},"end":{"line":24,"column":33}},"24":{"start":{"line":25,"column":0},"end":{"line":25,"column":31}},"25":{"start":{"line":26,"column":0},"end":{"line":26,"column":74}},"26":{"start":{"line":27,"column":0},"end":{"line":27,"column":5}},"27":{"start":{"line":28,"column":0},"end":{"line":28,"column":4}},"28":{"start":{"line":29,"column":0},"end":{"line":29,"column":40}},"29":{"start":{"line":30,"column":0},"end":{"line":30,"column":0}},"30":{"start":{"line":31,"column":0},"end":{"line":31,"column":23}},"31":{"start":{"line":32,"column":0},"end":{"line":32,"column":3}},"32":{"start":{"line":33,"column":0},"end":{"line":33,"column":1}}},"s":{"0":1,"1":1,"2":1,"3":1,"4":1,"5":1,"6":1,"7":1,"8":27,"9":27,"10":27,"11":27,"12":1,"13":1,"14":1,"15":25,"16":25,"17":25,"18":27,"19":1,"20":1,"21":24,"22":1,"23":1,"24":2,"25":1,"26":1,"27":1,"28":1,"29":1,"30":1,"31":1,"32":1},"branchMap":{"0":{"type":"branch","line":5,"loc":{"start":{"line":5,"column":13},"end":{"line":5,"column":30}},"locations":[{"start":{"line":5,"column":13},"end":{"line":5,"column":30}}]},"1":{"type":"branch","line":24,"loc":{"start":{"line":24,"column":2},"end":{"line":32,"column":3}},"locations":[{"start":{"line":24,"column":2},"end":{"line":32,"column":3}}]},"2":{"type":"branch","line":25,"loc":{"start":{"line":25,"column":30},"end":{"line":32,"column":3}},"locations":[{"start":{"line":25,"column":30},"end":{"line":32,"column":3}}]},"3":{"type":"branch","line":8,"loc":{"start":{"line":8,"column":2},"end":{"line":22,"column":3}},"locations":[{"start":{"line":8,"column":2},"end":{"line":22,"column":3}}]},"4":{"type":"branch","line":12,"loc":{"start":{"line":12,"column":28},"end":{"line":15,"column":5}},"locations":[{"start":{"line":12,"column":28},"end":{"line":15,"column":5}}]},"5":{"type":"branch","line":16,"loc":{"start":{"line":16,"column":-1},"end":{"line":19,"column":38}},"locations":[{"start":{"line":16,"column":-1},"end":{"line":19,"column":38}}]},"6":{"type":"branch","line":19,"loc":{"start":{"line":19,"column":38},"end":{"line":21,"column":5}},"locations":[{"start":{"line":19,"column":38},"end":{"line":21,"column":5}}]},"7":{"type":"branch","line":22,"loc":{"start":{"line":22,"column":-1},"end":{"line":22,"column":3}},"locations":[{"start":{"line":22,"column":-1},"end":{"line":22,"column":3}}]}},"b":{"0":[27],"1":[2],"2":[1],"3":[27],"4":[1],"5":[25],"6":[1],"7":[24]},"fnMap":{"0":{"name":"get","decl":{"start":{"line":5,"column":13},"end":{"line":5,"column":30}},"loc":{"start":{"line":5,"column":13},"end":{"line":5,"column":30}},"line":5},"1":{"name":"debit","decl":{"start":{"line":24,"column":2},"end":{"line":32,"column":3}},"loc":{"start":{"line":24,"column":2},"end":{"line":32,"column":3}},"line":24},"2":{"name":"Customer","decl":{"start":{"line":8,"column":2},"end":{"line":22,"column":3}},"loc":{"start":{"line":8,"column":2},"end":{"line":22,"column":3}},"line":8}},"f":{"0":27,"1":2,"2":27}}
,"/www/picpay/api/src/modules/notification/notification.error.ts": {"path":"/www/picpay/api/src/modules/notification/notification.error.ts","all":false,"statementMap":{"0":{"start":{"line":1,"column":0},"end":{"line":1,"column":65}},"1":{"start":{"line":2,"column":0},"end":{"line":2,"column":0}},"2":{"start":{"line":3,"column":0},"end":{"line":3,"column":46}},"3":{"start":{"line":4,"column":0},"end":{"line":4,"column":56}},"4":{"start":{"line":5,"column":0},"end":{"line":5,"column":78}},"5":{"start":{"line":6,"column":0},"end":{"line":6,"column":3}},"6":{"start":{"line":7,"column":0},"end":{"line":7,"column":1}}},"s":{"0":1,"1":1,"2":1,"3":1,"4":3,"5":3,"6":1},"branchMap":{"0":{"type":"branch","line":3,"loc":{"start":{"line":3,"column":13},"end":{"line":3,"column":39}},"locations":[{"start":{"line":3,"column":13},"end":{"line":3,"column":39}}]},"1":{"type":"branch","line":4,"loc":{"start":{"line":4,"column":2},"end":{"line":6,"column":3}},"locations":[{"start":{"line":4,"column":2},"end":{"line":6,"column":3}}]},"2":{"type":"branch","line":5,"loc":{"start":{"line":5,"column":21},"end":{"line":5,"column":66}},"locations":[{"start":{"line":5,"column":21},"end":{"line":5,"column":66}}]}},"b":{"0":[3],"1":[3],"2":[3]},"fnMap":{"0":{"name":"get","decl":{"start":{"line":3,"column":13},"end":{"line":3,"column":39}},"loc":{"start":{"line":3,"column":13},"end":{"line":3,"column":39}},"line":3},"1":{"name":"NotificationError","decl":{"start":{"line":4,"column":2},"end":{"line":6,"column":3}},"loc":{"start":{"line":4,"column":2},"end":{"line":6,"column":3}},"line":4}},"f":{"0":3,"1":3}}
,"/www/picpay/api/src/modules/notification/notification.ts": {"path":"/www/picpay/api/src/modules/notification/notification.ts","all":false,"statementMap":{"0":{"start":{"line":1,"column":0},"end":{"line":1,"column":88}},"1":{"start":{"line":2,"column":0},"end":{"line":2,"column":0}},"2":{"start":{"line":3,"column":0},"end":{"line":3,"column":60}},"3":{"start":{"line":4,"column":0},"end":{"line":4,"column":47}},"4":{"start":{"line":5,"column":0},"end":{"line":5,"column":0}},"5":{"start":{"line":6,"column":0},"end":{"line":6,"column":49}},"6":{"start":{"line":7,"column":0},"end":{"line":7,"column":27}},"7":{"start":{"line":8,"column":0},"end":{"line":8,"column":3}},"8":{"start":{"line":9,"column":0},"end":{"line":9,"column":0}},"9":{"start":{"line":10,"column":0},"end":{"line":10,"column":24}},"10":{"start":{"line":11,"column":0},"end":{"line":11,"column":33}},"11":{"start":{"line":12,"column":0},"end":{"line":12,"column":3}},"12":{"start":{"line":13,"column":0},"end":{"line":13,"column":0}},"13":{"start":{"line":14,"column":0},"end":{"line":14,"column":41}},"14":{"start":{"line":15,"column":0},"end":{"line":15,"column":22}},"15":{"start":{"line":16,"column":0},"end":{"line":16,"column":3}},"16":{"start":{"line":17,"column":0},"end":{"line":17,"column":0}},"17":{"start":{"line":18,"column":0},"end":{"line":18,"column":41}},"18":{"start":{"line":19,"column":0},"end":{"line":19,"column":23}},"19":{"start":{"line":20,"column":0},"end":{"line":20,"column":0}},"20":{"start":{"line":21,"column":0},"end":{"line":21,"column":39}},"21":{"start":{"line":22,"column":0},"end":{"line":22,"column":52}},"22":{"start":{"line":23,"column":0},"end":{"line":23,"column":59}},"23":{"start":{"line":24,"column":0},"end":{"line":24,"column":10}},"24":{"start":{"line":25,"column":0},"end":{"line":25,"column":9}},"25":{"start":{"line":26,"column":0},"end":{"line":26,"column":0}},"26":{"start":{"line":27,"column":0},"end":{"line":27,"column":21}},"27":{"start":{"line":28,"column":0},"end":{"line":28,"column":6}},"28":{"start":{"line":29,"column":0},"end":{"line":29,"column":1}}},"s":{"0":1,"1":1,"2":1,"3":1,"4":1,"5":1,"6":3,"7":3,"8":1,"9":1,"10":66,"11":66,"12":1,"13":1,"14":3,"15":3,"16":1,"17":1,"18":1,"19":1,"20":1,"21":1,"22":1,"23":1,"24":1,"25":1,"26":1,"27":1,"28":1},"branchMap":{"0":{"type":"branch","line":3,"loc":{"start":{"line":3,"column":13},"end":{"line":3,"column":60}},"locations":[{"start":{"line":3,"column":13},"end":{"line":3,"column":60}}]},"1":{"type":"branch","line":6,"loc":{"start":{"line":6,"column":2},"end":{"line":8,"column":3}},"locations":[{"start":{"line":6,"column":2},"end":{"line":8,"column":3}}]},"2":{"type":"branch","line":10,"loc":{"start":{"line":10,"column":2},"end":{"line":12,"column":3}},"locations":[{"start":{"line":10,"column":2},"end":{"line":12,"column":3}}]},"3":{"type":"branch","line":14,"loc":{"start":{"line":14,"column":2},"end":{"line":16,"column":3}},"locations":[{"start":{"line":14,"column":2},"end":{"line":16,"column":3}}]}},"b":{"0":[34],"1":[3],"2":[66],"3":[3]},"fnMap":{"0":{"name":"get","decl":{"start":{"line":3,"column":13},"end":{"line":3,"column":60}},"loc":{"start":{"line":3,"column":13},"end":{"line":3,"column":60}},"line":3},"1":{"name":"addError","decl":{"start":{"line":6,"column":2},"end":{"line":8,"column":3}},"loc":{"start":{"line":6,"column":2},"end":{"line":8,"column":3}},"line":6},"2":{"name":"hasErrors","decl":{"start":{"line":10,"column":2},"end":{"line":12,"column":3}},"loc":{"start":{"line":10,"column":2},"end":{"line":12,"column":3}},"line":10},"3":{"name":"getErrors","decl":{"start":{"line":14,"column":2},"end":{"line":16,"column":3}},"loc":{"start":{"line":14,"column":2},"end":{"line":16,"column":3}},"line":14}},"f":{"0":34,"1":3,"2":66,"3":3}}
,"/www/picpay/api/src/modules/seller/domain/seller.entity.ts": {"path":"/www/picpay/api/src/modules/seller/domain/seller.entity.ts","all":false,"statementMap":{"0":{"start":{"line":1,"column":0},"end":{"line":1,"column":52}},"1":{"start":{"line":2,"column":0},"end":{"line":2,"column":0}},"2":{"start":{"line":3,"column":0},"end":{"line":3,"column":73}},"3":{"start":{"line":4,"column":0},"end":{"line":4,"column":0}},"4":{"start":{"line":5,"column":0},"end":{"line":5,"column":34}},"5":{"start":{"line":6,"column":0},"end":{"line":6,"column":14}},"6":{"start":{"line":7,"column":0},"end":{"line":7,"column":21}},"7":{"start":{"line":8,"column":0},"end":{"line":8,"column":0}},"8":{"start":{"line":9,"column":0},"end":{"line":9,"column":129}},"9":{"start":{"line":10,"column":0},"end":{"line":10,"column":48}},"10":{"start":{"line":11,"column":0},"end":{"line":11,"column":0}},"11":{"start":{"line":12,"column":0},"end":{"line":12,"column":78}},"12":{"start":{"line":13,"column":0},"end":{"line":13,"column":31}},"13":{"start":{"line":14,"column":0},"end":{"line":14,"column":81}},"14":{"start":{"line":15,"column":0},"end":{"line":15,"column":41}},"15":{"start":{"line":16,"column":0},"end":{"line":16,"column":5}},"16":{"start":{"line":17,"column":0},"end":{"line":17,"column":0}},"17":{"start":{"line":18,"column":0},"end":{"line":18,"column":20}},"18":{"start":{"line":19,"column":0},"end":{"line":19,"column":0}},"19":{"start":{"line":20,"column":0},"end":{"line":20,"column":34}},"20":{"start":{"line":21,"column":0},"end":{"line":21,"column":0}},"21":{"start":{"line":22,"column":0},"end":{"line":22,"column":39}},"22":{"start":{"line":23,"column":0},"end":{"line":23,"column":64}},"23":{"start":{"line":24,"column":0},"end":{"line":24,"column":5}},"24":{"start":{"line":25,"column":0},"end":{"line":25,"column":3}},"25":{"start":{"line":26,"column":0},"end":{"line":26,"column":1}}},"s":{"0":1,"1":1,"2":1,"3":1,"4":1,"5":1,"6":1,"7":1,"8":1,"9":11,"10":11,"11":11,"12":11,"13":1,"14":1,"15":1,"16":9,"17":9,"18":9,"19":9,"20":9,"21":11,"22":1,"23":1,"24":8,"25":1},"branchMap":{"0":{"type":"branch","line":5,"loc":{"start":{"line":5,"column":13},"end":{"line":5,"column":28}},"locations":[{"start":{"line":5,"column":13},"end":{"line":5,"column":28}}]},"1":{"type":"branch","line":9,"loc":{"start":{"line":9,"column":2},"end":{"line":25,"column":3}},"locations":[{"start":{"line":9,"column":2},"end":{"line":25,"column":3}}]},"2":{"type":"branch","line":13,"loc":{"start":{"line":13,"column":30},"end":{"line":16,"column":5}},"locations":[{"start":{"line":13,"column":30},"end":{"line":16,"column":5}}]},"3":{"type":"branch","line":17,"loc":{"start":{"line":17,"column":-1},"end":{"line":22,"column":38}},"locations":[{"start":{"line":17,"column":-1},"end":{"line":22,"column":38}}]},"4":{"type":"branch","line":22,"loc":{"start":{"line":22,"column":38},"end":{"line":25,"column":3}},"locations":[{"start":{"line":22,"column":38},"end":{"line":25,"column":3}}]},"5":{"type":"branch","line":22,"loc":{"start":{"line":22,"column":38},"end":{"line":24,"column":5}},"locations":[{"start":{"line":22,"column":38},"end":{"line":24,"column":5}}]}},"b":{"0":[11],"1":[11],"2":[1],"3":[9],"4":[8],"5":[1]},"fnMap":{"0":{"name":"get","decl":{"start":{"line":5,"column":13},"end":{"line":5,"column":28}},"loc":{"start":{"line":5,"column":13},"end":{"line":5,"column":28}},"line":5},"1":{"name":"Seller","decl":{"start":{"line":9,"column":2},"end":{"line":25,"column":3}},"loc":{"start":{"line":9,"column":2},"end":{"line":25,"column":3}},"line":9}},"f":{"0":11,"1":11}}
,"/www/picpay/api/src/modules/transaction/use-cases/create/cc/create.transaction-cc.use-case.ts": {"path":"/www/picpay/api/src/modules/transaction/use-cases/create/cc/create.transaction-cc.use-case.ts","all":false,"statementMap":{"0":{"start":{"line":1,"column":0},"end":{"line":1,"column":70}},"1":{"start":{"line":2,"column":0},"end":{"line":2,"column":103}},"2":{"start":{"line":3,"column":0},"end":{"line":3,"column":0}},"3":{"start":{"line":4,"column":0},"end":{"line":4,"column":25}},"4":{"start":{"line":5,"column":0},"end":{"line":5,"column":0}},"5":{"start":{"line":6,"column":0},"end":{"line":6,"column":41}},"6":{"start":{"line":7,"column":0},"end":{"line":7,"column":83}},"7":{"start":{"line":8,"column":0},"end":{"line":8,"column":0}},"8":{"start":{"line":9,"column":0},"end":{"line":9,"column":92}},"9":{"start":{"line":10,"column":0},"end":{"line":10,"column":40}},"10":{"start":{"line":11,"column":0},"end":{"line":11,"column":50}},"11":{"start":{"line":12,"column":0},"end":{"line":12,"column":5}},"12":{"start":{"line":13,"column":0},"end":{"line":13,"column":0}},"13":{"start":{"line":14,"column":0},"end":{"line":14,"column":43}},"14":{"start":{"line":15,"column":0},"end":{"line":15,"column":50}},"15":{"start":{"line":16,"column":0},"end":{"line":16,"column":5}},"16":{"start":{"line":17,"column":0},"end":{"line":17,"column":0}},"17":{"start":{"line":18,"column":0},"end":{"line":18,"column":29}},"18":{"start":{"line":19,"column":0},"end":{"line":19,"column":11}},"19":{"start":{"line":20,"column":0},"end":{"line":20,"column":90}},"20":{"start":{"line":21,"column":0},"end":{"line":21,"column":18}},"21":{"start":{"line":22,"column":0},"end":{"line":22,"column":45}},"22":{"start":{"line":23,"column":0},"end":{"line":23,"column":7}},"23":{"start":{"line":24,"column":0},"end":{"line":24,"column":5}},"24":{"start":{"line":25,"column":0},"end":{"line":25,"column":4}},"25":{"start":{"line":26,"column":0},"end":{"line":26,"column":80}},"26":{"start":{"line":27,"column":0},"end":{"line":27,"column":17}},"27":{"start":{"line":28,"column":0},"end":{"line":28,"column":56}},"28":{"start":{"line":29,"column":0},"end":{"line":29,"column":5}},"29":{"start":{"line":30,"column":0},"end":{"line":30,"column":0}},"30":{"start":{"line":31,"column":0},"end":{"line":31,"column":86}},"31":{"start":{"line":32,"column":0},"end":{"line":32,"column":20}},"32":{"start":{"line":33,"column":0},"end":{"line":33,"column":56}},"33":{"start":{"line":34,"column":0},"end":{"line":34,"column":5}},"34":{"start":{"line":35,"column":0},"end":{"line":35,"column":0}},"35":{"start":{"line":36,"column":0},"end":{"line":36,"column":41}},"36":{"start":{"line":37,"column":0},"end":{"line":37,"column":59}},"37":{"start":{"line":38,"column":0},"end":{"line":38,"column":5}},"38":{"start":{"line":39,"column":0},"end":{"line":39,"column":2}},"39":{"start":{"line":40,"column":0},"end":{"line":40,"column":85}},"40":{"start":{"line":41,"column":0},"end":{"line":41,"column":3}},"41":{"start":{"line":42,"column":0},"end":{"line":42,"column":1}}},"s":{"0":1,"1":1,"2":1,"3":1,"4":1,"5":1,"6":1,"7":1,"8":1,"9":7,"10":1,"11":1,"12":6,"13":7,"14":1,"15":1,"16":5,"17":7,"18":1,"19":1,"20":1,"21":1,"22":1,"23":1,"24":4,"25":4,"26":7,"27":1,"28":1,"29":3,"30":3,"31":7,"32":1,"33":1,"34":2,"35":7,"36":1,"37":1,"38":1,"39":1,"40":1,"41":1},"branchMap":{"0":{"type":"branch","line":6,"loc":{"start":{"line":6,"column":13},"end":{"line":6,"column":41}},"locations":[{"start":{"line":6,"column":13},"end":{"line":6,"column":41}}]},"1":{"type":"branch","line":9,"loc":{"start":{"line":9,"column":2},"end":{"line":41,"column":3}},"locations":[{"start":{"line":9,"column":2},"end":{"line":41,"column":3}}]},"2":{"type":"branch","line":10,"loc":{"start":{"line":10,"column":39},"end":{"line":12,"column":5}},"locations":[{"start":{"line":10,"column":39},"end":{"line":12,"column":5}}]},"3":{"type":"branch","line":13,"loc":{"start":{"line":13,"column":-1},"end":{"line":14,"column":42}},"locations":[{"start":{"line":13,"column":-1},"end":{"line":14,"column":42}}]},"4":{"type":"branch","line":14,"loc":{"start":{"line":14,"column":42},"end":{"line":16,"column":5}},"locations":[{"start":{"line":14,"column":42},"end":{"line":16,"column":5}}]},"5":{"type":"branch","line":17,"loc":{"start":{"line":17,"column":-1},"end":{"line":18,"column":28}},"locations":[{"start":{"line":17,"column":-1},"end":{"line":18,"column":28}}]},"6":{"type":"branch","line":18,"loc":{"start":{"line":18,"column":28},"end":{"line":24,"column":5}},"locations":[{"start":{"line":18,"column":28},"end":{"line":24,"column":5}}]},"7":{"type":"branch","line":20,"loc":{"start":{"line":20,"column":88},"end":{"line":21,"column":8}},"locations":[{"start":{"line":20,"column":88},"end":{"line":21,"column":8}}]},"8":{"type":"branch","line":25,"loc":{"start":{"line":25,"column":-1},"end":{"line":27,"column":16}},"locations":[{"start":{"line":25,"column":-1},"end":{"line":27,"column":16}}]},"9":{"type":"branch","line":27,"loc":{"start":{"line":27,"column":16},"end":{"line":29,"column":5}},"locations":[{"start":{"line":27,"column":16},"end":{"line":29,"column":5}}]},"10":{"type":"branch","line":30,"loc":{"start":{"line":30,"column":-1},"end":{"line":32,"column":19}},"locations":[{"start":{"line":30,"column":-1},"end":{"line":32,"column":19}}]},"11":{"type":"branch","line":32,"loc":{"start":{"line":32,"column":19},"end":{"line":34,"column":5}},"locations":[{"start":{"line":32,"column":19},"end":{"line":34,"column":5}}]},"12":{"type":"branch","line":35,"loc":{"start":{"line":35,"column":-1},"end":{"line":36,"column":40}},"locations":[{"start":{"line":35,"column":-1},"end":{"line":36,"column":40}}]},"13":{"type":"branch","line":36,"loc":{"start":{"line":36,"column":40},"end":{"line":41,"column":3}},"locations":[{"start":{"line":36,"column":40},"end":{"line":41,"column":3}}]},"14":{"type":"branch","line":7,"loc":{"start":{"line":7,"column":2},"end":{"line":7,"column":83}},"locations":[{"start":{"line":7,"column":2},"end":{"line":7,"column":83}}]}},"b":{"0":[7],"1":[7],"2":[1],"3":[6],"4":[1],"5":[5],"6":[1],"7":[0],"8":[4],"9":[1],"10":[3],"11":[1],"12":[2],"13":[1],"14":[7]},"fnMap":{"0":{"name":"get","decl":{"start":{"line":6,"column":13},"end":{"line":6,"column":41}},"loc":{"start":{"line":6,"column":13},"end":{"line":6,"column":41}},"line":6},"1":{"name":"execute","decl":{"start":{"line":9,"column":2},"end":{"line":41,"column":3}},"loc":{"start":{"line":9,"column":2},"end":{"line":41,"column":3}},"line":9},"2":{"name":"CreateTransactionCCUseCase","decl":{"start":{"line":7,"column":2},"end":{"line":7,"column":83}},"loc":{"start":{"line":7,"column":2},"end":{"line":7,"column":83}},"line":7}},"f":{"0":7,"1":7,"2":7}}
,"/www/picpay/api/src/modules/transaction/use-cases/create/cs/create.transaction-cs.use-case.ts": {"path":"/www/picpay/api/src/modules/transaction/use-cases/create/cs/create.transaction-cs.use-case.ts","all":false,"statementMap":{"0":{"start":{"line":1,"column":0},"end":{"line":1,"column":70}},"1":{"start":{"line":2,"column":0},"end":{"line":2,"column":103}},"2":{"start":{"line":3,"column":0},"end":{"line":3,"column":0}},"3":{"start":{"line":4,"column":0},"end":{"line":4,"column":25}},"4":{"start":{"line":5,"column":0},"end":{"line":5,"column":0}},"5":{"start":{"line":6,"column":0},"end":{"line":6,"column":41}},"6":{"start":{"line":7,"column":0},"end":{"line":7,"column":83}},"7":{"start":{"line":8,"column":0},"end":{"line":8,"column":0}},"8":{"start":{"line":9,"column":0},"end":{"line":9,"column":92}},"9":{"start":{"line":10,"column":0},"end":{"line":10,"column":40}},"10":{"start":{"line":11,"column":0},"end":{"line":11,"column":50}},"11":{"start":{"line":12,"column":0},"end":{"line":12,"column":5}},"12":{"start":{"line":13,"column":0},"end":{"line":13,"column":0}},"13":{"start":{"line":14,"column":0},"end":{"line":14,"column":44}},"14":{"start":{"line":15,"column":0},"end":{"line":15,"column":51}},"15":{"start":{"line":16,"column":0},"end":{"line":16,"column":5}},"16":{"start":{"line":17,"column":0},"end":{"line":17,"column":0}},"17":{"start":{"line":18,"column":0},"end":{"line":18,"column":29}},"18":{"start":{"line":19,"column":0},"end":{"line":19,"column":11}},"19":{"start":{"line":20,"column":0},"end":{"line":20,"column":90}},"20":{"start":{"line":21,"column":0},"end":{"line":21,"column":18}},"21":{"start":{"line":22,"column":0},"end":{"line":22,"column":45}},"22":{"start":{"line":23,"column":0},"end":{"line":23,"column":7}},"23":{"start":{"line":24,"column":0},"end":{"line":24,"column":5}},"24":{"start":{"line":25,"column":0},"end":{"line":25,"column":4}},"25":{"start":{"line":26,"column":0},"end":{"line":26,"column":80}},"26":{"start":{"line":27,"column":0},"end":{"line":27,"column":17}},"27":{"start":{"line":28,"column":0},"end":{"line":28,"column":56}},"28":{"start":{"line":29,"column":0},"end":{"line":29,"column":5}},"29":{"start":{"line":30,"column":0},"end":{"line":30,"column":0}},"30":{"start":{"line":31,"column":0},"end":{"line":31,"column":88}},"31":{"start":{"line":32,"column":0},"end":{"line":32,"column":20}},"32":{"start":{"line":33,"column":0},"end":{"line":33,"column":57}},"33":{"start":{"line":34,"column":0},"end":{"line":34,"column":5}},"34":{"start":{"line":35,"column":0},"end":{"line":35,"column":0}},"35":{"start":{"line":36,"column":0},"end":{"line":36,"column":41}},"36":{"start":{"line":37,"column":0},"end":{"line":37,"column":59}},"37":{"start":{"line":38,"column":0},"end":{"line":38,"column":5}},"38":{"start":{"line":39,"column":0},"end":{"line":39,"column":2}},"39":{"start":{"line":40,"column":0},"end":{"line":40,"column":85}},"40":{"start":{"line":41,"column":0},"end":{"line":41,"column":3}},"41":{"start":{"line":42,"column":0},"end":{"line":42,"column":1}}},"s":{"0":1,"1":1,"2":1,"3":1,"4":1,"5":1,"6":1,"7":1,"8":1,"9":7,"10":1,"11":1,"12":6,"13":7,"14":1,"15":1,"16":5,"17":7,"18":1,"19":1,"20":1,"21":1,"22":1,"23":1,"24":4,"25":4,"26":7,"27":1,"28":1,"29":3,"30":3,"31":7,"32":1,"33":1,"34":2,"35":7,"36":1,"37":1,"38":1,"39":1,"40":1,"41":1},"branchMap":{"0":{"type":"branch","line":6,"loc":{"start":{"line":6,"column":13},"end":{"line":6,"column":41}},"locations":[{"start":{"line":6,"column":13},"end":{"line":6,"column":41}}]},"1":{"type":"branch","line":9,"loc":{"start":{"line":9,"column":2},"end":{"line":41,"column":3}},"locations":[{"start":{"line":9,"column":2},"end":{"line":41,"column":3}}]},"2":{"type":"branch","line":10,"loc":{"start":{"line":10,"column":39},"end":{"line":12,"column":5}},"locations":[{"start":{"line":10,"column":39},"end":{"line":12,"column":5}}]},"3":{"type":"branch","line":13,"loc":{"start":{"line":13,"column":-1},"end":{"line":14,"column":43}},"locations":[{"start":{"line":13,"column":-1},"end":{"line":14,"column":43}}]},"4":{"type":"branch","line":14,"loc":{"start":{"line":14,"column":43},"end":{"line":16,"column":5}},"locations":[{"start":{"line":14,"column":43},"end":{"line":16,"column":5}}]},"5":{"type":"branch","line":17,"loc":{"start":{"line":17,"column":-1},"end":{"line":18,"column":28}},"locations":[{"start":{"line":17,"column":-1},"end":{"line":18,"column":28}}]},"6":{"type":"branch","line":18,"loc":{"start":{"line":18,"column":28},"end":{"line":24,"column":5}},"locations":[{"start":{"line":18,"column":28},"end":{"line":24,"column":5}}]},"7":{"type":"branch","line":20,"loc":{"start":{"line":20,"column":88},"end":{"line":21,"column":8}},"locations":[{"start":{"line":20,"column":88},"end":{"line":21,"column":8}}]},"8":{"type":"branch","line":25,"loc":{"start":{"line":25,"column":-1},"end":{"line":27,"column":16}},"locations":[{"start":{"line":25,"column":-1},"end":{"line":27,"column":16}}]},"9":{"type":"branch","line":27,"loc":{"start":{"line":27,"column":16},"end":{"line":29,"column":5}},"locations":[{"start":{"line":27,"column":16},"end":{"line":29,"column":5}}]},"10":{"type":"branch","line":30,"loc":{"start":{"line":30,"column":-1},"end":{"line":32,"column":19}},"locations":[{"start":{"line":30,"column":-1},"end":{"line":32,"column":19}}]},"11":{"type":"branch","line":32,"loc":{"start":{"line":32,"column":19},"end":{"line":34,"column":5}},"locations":[{"start":{"line":32,"column":19},"end":{"line":34,"column":5}}]},"12":{"type":"branch","line":35,"loc":{"start":{"line":35,"column":-1},"end":{"line":36,"column":40}},"locations":[{"start":{"line":35,"column":-1},"end":{"line":36,"column":40}}]},"13":{"type":"branch","line":36,"loc":{"start":{"line":36,"column":40},"end":{"line":41,"column":3}},"locations":[{"start":{"line":36,"column":40},"end":{"line":41,"column":3}}]},"14":{"type":"branch","line":7,"loc":{"start":{"line":7,"column":2},"end":{"line":7,"column":83}},"locations":[{"start":{"line":7,"column":2},"end":{"line":7,"column":83}}]}},"b":{"0":[7],"1":[7],"2":[1],"3":[6],"4":[1],"5":[5],"6":[1],"7":[0],"8":[4],"9":[1],"10":[3],"11":[1],"12":[2],"13":[1],"14":[7]},"fnMap":{"0":{"name":"get","decl":{"start":{"line":6,"column":13},"end":{"line":6,"column":41}},"loc":{"start":{"line":6,"column":13},"end":{"line":6,"column":41}},"line":6},"1":{"name":"execute","decl":{"start":{"line":9,"column":2},"end":{"line":41,"column":3}},"loc":{"start":{"line":9,"column":2},"end":{"line":41,"column":3}},"line":9},"2":{"name":"CreateTransactionCSUseCase","decl":{"start":{"line":7,"column":2},"end":{"line":7,"column":83}},"loc":{"start":{"line":7,"column":2},"end":{"line":7,"column":83}},"line":7}},"f":{"0":7,"1":7,"2":7}}
,"/www/picpay/api/src/modules/user/domain/user.entity.ts": {"path":"/www/picpay/api/src/modules/user/domain/user.entity.ts","all":false,"statementMap":{"0":{"start":{"line":1,"column":0},"end":{"line":1,"column":81}},"1":{"start":{"line":2,"column":0},"end":{"line":2,"column":62}},"2":{"start":{"line":3,"column":0},"end":{"line":3,"column":73}},"3":{"start":{"line":4,"column":0},"end":{"line":4,"column":0}},"4":{"start":{"line":5,"column":0},"end":{"line":5,"column":28}},"5":{"start":{"line":6,"column":0},"end":{"line":6,"column":14}},"6":{"start":{"line":7,"column":0},"end":{"line":7,"column":18}},"7":{"start":{"line":8,"column":0},"end":{"line":8,"column":0}},"8":{"start":{"line":9,"column":0},"end":{"line":9,"column":15}},"9":{"start":{"line":10,"column":0},"end":{"line":10,"column":15}},"10":{"start":{"line":11,"column":0},"end":{"line":11,"column":0}},"11":{"start":{"line":12,"column":0},"end":{"line":12,"column":27}},"12":{"start":{"line":13,"column":0},"end":{"line":13,"column":0}},"13":{"start":{"line":14,"column":0},"end":{"line":14,"column":47}},"14":{"start":{"line":15,"column":0},"end":{"line":15,"column":0}},"15":{"start":{"line":16,"column":0},"end":{"line":16,"column":94}},"16":{"start":{"line":17,"column":0},"end":{"line":17,"column":20}},"17":{"start":{"line":18,"column":0},"end":{"line":18,"column":28}},"18":{"start":{"line":19,"column":0},"end":{"line":19,"column":22}},"19":{"start":{"line":20,"column":0},"end":{"line":20,"column":22}},"20":{"start":{"line":21,"column":0},"end":{"line":21,"column":26}},"21":{"start":{"line":22,"column":0},"end":{"line":22,"column":0}},"22":{"start":{"line":23,"column":0},"end":{"line":23,"column":42}},"23":{"start":{"line":24,"column":0},"end":{"line":24,"column":0}},"24":{"start":{"line":25,"column":0},"end":{"line":25,"column":260}},"25":{"start":{"line":26,"column":0},"end":{"line":26,"column":38}},"26":{"start":{"line":27,"column":0},"end":{"line":27,"column":80}},"27":{"start":{"line":28,"column":0},"end":{"line":28,"column":5}},"28":{"start":{"line":29,"column":0},"end":{"line":29,"column":0}},"29":{"start":{"line":30,"column":0},"end":{"line":30,"column":90}},"30":{"start":{"line":31,"column":0},"end":{"line":31,"column":38}},"31":{"start":{"line":32,"column":0},"end":{"line":32,"column":83}},"32":{"start":{"line":33,"column":0},"end":{"line":33,"column":5}},"33":{"start":{"line":34,"column":0},"end":{"line":34,"column":0}},"34":{"start":{"line":35,"column":0},"end":{"line":35,"column":39}},"35":{"start":{"line":36,"column":0},"end":{"line":36,"column":64}},"36":{"start":{"line":37,"column":0},"end":{"line":37,"column":5}},"37":{"start":{"line":38,"column":0},"end":{"line":38,"column":3}},"38":{"start":{"line":39,"column":0},"end":{"line":39,"column":0}},"39":{"start":{"line":40,"column":0},"end":{"line":40,"column":34}},"40":{"start":{"line":41,"column":0},"end":{"line":41,"column":40}},"41":{"start":{"line":42,"column":0},"end":{"line":42,"column":23}},"42":{"start":{"line":43,"column":0},"end":{"line":43,"column":3}},"43":{"start":{"line":44,"column":0},"end":{"line":44,"column":0}},"44":{"start":{"line":45,"column":0},"end":{"line":45,"column":21}},"45":{"start":{"line":46,"column":0},"end":{"line":46,"column":23}},"46":{"start":{"line":47,"column":0},"end":{"line":47,"column":3}},"47":{"start":{"line":48,"column":0},"end":{"line":48,"column":0}},"48":{"start":{"line":49,"column":0},"end":{"line":49,"column":23}},"49":{"start":{"line":50,"column":0},"end":{"line":50,"column":264}},"50":{"start":{"line":51,"column":0},"end":{"line":51,"column":41}},"51":{"start":{"line":52,"column":0},"end":{"line":52,"column":83}},"52":{"start":{"line":53,"column":0},"end":{"line":53,"column":45}},"53":{"start":{"line":54,"column":0},"end":{"line":54,"column":8}},"54":{"start":{"line":55,"column":0},"end":{"line":55,"column":0}},"55":{"start":{"line":56,"column":0},"end":{"line":56,"column":93}},"56":{"start":{"line":57,"column":0},"end":{"line":57,"column":41}},"57":{"start":{"line":58,"column":0},"end":{"line":58,"column":86}},"58":{"start":{"line":59,"column":0},"end":{"line":59,"column":48}},"59":{"start":{"line":60,"column":0},"end":{"line":60,"column":8}},"60":{"start":{"line":61,"column":0},"end":{"line":61,"column":6}},"61":{"start":{"line":62,"column":0},"end":{"line":62,"column":1}}},"s":{"0":1,"1":1,"2":1,"3":1,"4":1,"5":1,"6":1,"7":1,"8":1,"9":1,"10":1,"11":1,"12":1,"13":1,"14":1,"15":1,"16":34,"17":34,"18":34,"19":34,"20":34,"21":34,"22":34,"23":34,"24":34,"25":34,"26":1,"27":1,"28":34,"29":34,"30":34,"31":1,"32":1,"33":34,"34":34,"35":2,"36":2,"37":34,"38":1,"39":1,"40":1,"41":1,"42":1,"43":1,"44":1,"45":4,"46":4,"47":1,"48":1,"49":1,"50":1,"51":1,"52":1,"53":1,"54":1,"55":1,"56":1,"57":1,"58":1,"59":1,"60":1,"61":1},"branchMap":{"0":{"type":"branch","line":5,"loc":{"start":{"line":5,"column":22},"end":{"line":5,"column":28}},"locations":[{"start":{"line":5,"column":22},"end":{"line":5,"column":28}}]},"1":{"type":"branch","line":40,"loc":{"start":{"line":40,"column":2},"end":{"line":43,"column":3}},"locations":[{"start":{"line":40,"column":2},"end":{"line":43,"column":3}}]},"2":{"type":"branch","line":45,"loc":{"start":{"line":45,"column":2},"end":{"line":47,"column":3}},"locations":[{"start":{"line":45,"column":2},"end":{"line":47,"column":3}}]},"3":{"type":"branch","line":16,"loc":{"start":{"line":16,"column":2},"end":{"line":38,"column":3}},"locations":[{"start":{"line":16,"column":2},"end":{"line":38,"column":3}}]},"4":{"type":"branch","line":26,"loc":{"start":{"line":26,"column":37},"end":{"line":28,"column":5}},"locations":[{"start":{"line":26,"column":37},"end":{"line":28,"column":5}}]},"5":{"type":"branch","line":31,"loc":{"start":{"line":31,"column":37},"end":{"line":33,"column":5}},"locations":[{"start":{"line":31,"column":37},"end":{"line":33,"column":5}}]},"6":{"type":"branch","line":35,"loc":{"start":{"line":35,"column":38},"end":{"line":37,"column":5}},"locations":[{"start":{"line":35,"column":38},"end":{"line":37,"column":5}}]}},"b":{"0":[4],"1":[1],"2":[4],"3":[34],"4":[1],"5":[1],"6":[2]},"fnMap":{"0":{"name":"get","decl":{"start":{"line":5,"column":22},"end":{"line":5,"column":28}},"loc":{"start":{"line":5,"column":22},"end":{"line":5,"column":28}},"line":5},"1":{"name":"credit","decl":{"start":{"line":40,"column":2},"end":{"line":43,"column":3}},"loc":{"start":{"line":40,"column":2},"end":{"line":43,"column":3}},"line":40},"2":{"name":"extract","decl":{"start":{"line":45,"column":2},"end":{"line":47,"column":3}},"loc":{"start":{"line":45,"column":2},"end":{"line":47,"column":3}},"line":45},"3":{"name":"User","decl":{"start":{"line":16,"column":2},"end":{"line":38,"column":3}},"loc":{"start":{"line":16,"column":2},"end":{"line":38,"column":3}},"line":16}},"f":{"0":4,"1":1,"2":4,"3":34}}
}
