TN:
SF:src/modules/customer/domain/customer.entity.ts
FN:5,get
FN:24,debit
FN:8,Customer
FNF:3
FNH:3
FNDA:27,get
FNDA:2,debit
FNDA:27,Customer
DA:1,1
DA:2,1
DA:3,1
DA:4,1
DA:5,1
DA:6,1
DA:7,1
DA:8,1
DA:9,27
DA:10,27
DA:11,27
DA:12,27
DA:13,1
DA:14,1
DA:15,1
DA:16,25
DA:17,25
DA:18,25
DA:19,27
DA:20,1
DA:21,1
DA:22,24
DA:23,1
DA:24,1
DA:25,2
DA:26,1
DA:27,1
DA:28,1
DA:29,1
DA:30,1
DA:31,1
DA:32,1
DA:33,1
LF:33
LH:33
BRDA:5,0,0,27
BRDA:24,1,0,2
BRDA:25,2,0,1
BRDA:8,3,0,27
BRDA:12,4,0,1
BRDA:16,5,0,25
BRDA:19,6,0,1
BRDA:22,7,0,24
BRF:8
BRH:8
end_of_record
TN:
SF:src/modules/notification/notification.error.ts
FN:3,get
FN:4,NotificationError
FNF:2
FNH:2
FNDA:3,get
FNDA:3,NotificationError
DA:1,1
DA:2,1
DA:3,1
DA:4,1
DA:5,3
DA:6,3
DA:7,1
LF:7
LH:7
BRDA:3,0,0,3
BRDA:4,1,0,3
BRDA:5,2,0,3
BRF:3
BRH:3
end_of_record
TN:
SF:src/modules/notification/notification.ts
FN:3,get
FN:6,addError
FN:10,hasErrors
FN:14,getErrors
FNF:4
FNH:4
FNDA:34,get
FNDA:3,addError
FNDA:66,hasErrors
FNDA:3,getErrors
DA:1,1
DA:2,1
DA:3,1
DA:4,1
DA:5,1
DA:6,1
DA:7,3
DA:8,3
DA:9,1
DA:10,1
DA:11,66
DA:12,66
DA:13,1
DA:14,1
DA:15,3
DA:16,3
DA:17,1
DA:18,1
DA:19,1
DA:20,1
DA:21,1
DA:22,1
DA:23,1
DA:24,1
DA:25,1
DA:26,1
DA:27,1
DA:28,1
DA:29,1
LF:29
LH:29
BRDA:3,0,0,34
BRDA:6,1,0,3
BRDA:10,2,0,66
BRDA:14,3,0,3
BRF:4
BRH:4
end_of_record
TN:
SF:src/modules/seller/domain/seller.entity.ts
FN:5,get
FN:9,Seller
FNF:2
FNH:2
FNDA:11,get
FNDA:11,Seller
DA:1,1
DA:2,1
DA:3,1
DA:4,1
DA:5,1
DA:6,1
DA:7,1
DA:8,1
DA:9,1
DA:10,11
DA:11,11
DA:12,11
DA:13,11
DA:14,1
DA:15,1
DA:16,1
DA:17,9
DA:18,9
DA:19,9
DA:20,9
DA:21,9
DA:22,11
DA:23,1
DA:24,1
DA:25,8
DA:26,1
LF:26
LH:26
BRDA:5,0,0,11
BRDA:9,1,0,11
BRDA:13,2,0,1
BRDA:17,3,0,9
BRDA:22,4,0,8
BRDA:22,5,0,1
BRF:6
BRH:6
end_of_record
TN:
SF:src/modules/transaction/use-cases/create/cc/create.transaction-cc.use-case.ts
FN:6,get
FN:9,execute
FN:7,CreateTransactionCCUseCase
FNF:3
FNH:3
FNDA:7,get
FNDA:7,execute
FNDA:7,CreateTransactionCCUseCase
DA:1,1
DA:2,1
DA:3,1
DA:4,1
DA:5,1
DA:6,1
DA:7,1
DA:8,1
DA:9,1
DA:10,7
DA:11,1
DA:12,1
DA:13,6
DA:14,7
DA:15,1
DA:16,1
DA:17,5
DA:18,7
DA:19,1
DA:20,1
DA:21,1
DA:22,1
DA:23,1
DA:24,1
DA:25,4
DA:26,4
DA:27,7
DA:28,1
DA:29,1
DA:30,3
DA:31,3
DA:32,7
DA:33,1
DA:34,1
DA:35,2
DA:36,7
DA:37,1
DA:38,1
DA:39,1
DA:40,1
DA:41,1
DA:42,1
LF:42
LH:42
BRDA:6,0,0,7
BRDA:9,1,0,7
BRDA:10,2,0,1
BRDA:13,3,0,6
BRDA:14,4,0,1
BRDA:17,5,0,5
BRDA:18,6,0,1
BRDA:20,7,0,0
BRDA:25,8,0,4
BRDA:27,9,0,1
BRDA:30,10,0,3
BRDA:32,11,0,1
BRDA:35,12,0,2
BRDA:36,13,0,1
BRDA:7,14,0,7
BRF:15
BRH:14
end_of_record
TN:
SF:src/modules/transaction/use-cases/create/cs/create.transaction-cs.use-case.ts
FN:6,get
FN:9,execute
FN:7,CreateTransactionCSUseCase
FNF:3
FNH:3
FNDA:7,get
FNDA:7,execute
FNDA:7,CreateTransactionCSUseCase
DA:1,1
DA:2,1
DA:3,1
DA:4,1
DA:5,1
DA:6,1
DA:7,1
DA:8,1
DA:9,1
DA:10,7
DA:11,1
DA:12,1
DA:13,6
DA:14,7
DA:15,1
DA:16,1
DA:17,5
DA:18,7
DA:19,1
DA:20,1
DA:21,1
DA:22,1
DA:23,1
DA:24,1
DA:25,4
DA:26,4
DA:27,7
DA:28,1
DA:29,1
DA:30,3
DA:31,3
DA:32,7
DA:33,1
DA:34,1
DA:35,2
DA:36,7
DA:37,1
DA:38,1
DA:39,1
DA:40,1
DA:41,1
DA:42,1
LF:42
LH:42
BRDA:6,0,0,7
BRDA:9,1,0,7
BRDA:10,2,0,1
BRDA:13,3,0,6
BRDA:14,4,0,1
BRDA:17,5,0,5
BRDA:18,6,0,1
BRDA:20,7,0,0
BRDA:25,8,0,4
BRDA:27,9,0,1
BRDA:30,10,0,3
BRDA:32,11,0,1
BRDA:35,12,0,2
BRDA:36,13,0,1
BRDA:7,14,0,7
BRF:15
BRH:14
end_of_record
TN:
SF:src/modules/user/domain/user.entity.ts
FN:5,get
FN:40,credit
FN:45,extract
FN:16,User
FNF:4
FNH:4
FNDA:4,get
FNDA:1,credit
FNDA:4,extract
FNDA:34,User
DA:1,1
DA:2,1
DA:3,1
DA:4,1
DA:5,1
DA:6,1
DA:7,1
DA:8,1
DA:9,1
DA:10,1
DA:11,1
DA:12,1
DA:13,1
DA:14,1
DA:15,1
DA:16,1
DA:17,34
DA:18,34
DA:19,34
DA:20,34
DA:21,34
DA:22,34
DA:23,34
DA:24,34
DA:25,34
DA:26,34
DA:27,1
DA:28,1
DA:29,34
DA:30,34
DA:31,34
DA:32,1
DA:33,1
DA:34,34
DA:35,34
DA:36,2
DA:37,2
DA:38,34
DA:39,1
DA:40,1
DA:41,1
DA:42,1
DA:43,1
DA:44,1
DA:45,1
DA:46,4
DA:47,4
DA:48,1
DA:49,1
DA:50,1
DA:51,1
DA:52,1
DA:53,1
DA:54,1
DA:55,1
DA:56,1
DA:57,1
DA:58,1
DA:59,1
DA:60,1
DA:61,1
DA:62,1
LF:62
LH:62
BRDA:5,0,0,4
BRDA:40,1,0,1
BRDA:45,2,0,4
BRDA:16,3,0,34
BRDA:26,4,0,1
BRDA:31,5,0,1
BRDA:35,6,0,2
BRF:7
BRH:7
end_of_record
